18/06/2021 02:50	camazariegos:	Inicio Secion
18/06/2021 02:50	camazariegos:	Elimino el usuario 'alexizzarevalo'
18/06/2021 02:51	camazariegos:	Inicio Secion
18/06/2021 02:52	camazariegos:	Elimino el usuario 'alexizzarevalo'
18/06/2021 07:52	camazariegos:	Inicio Secion
18/06/2021 07:53	camazariegos:	Elimino el usuario 'urla'
18/06/2021 07:53	camazariegos:	El usuario 'dnavaz' no existe.
18/06/2021 07:54	camazariegos:	Inicio Secion
18/06/2021 11:47	camazariegos:	Inicio Secion
18/06/2021 11:54	camazariegos:	Inicio Secion
18/06/2021 11:54	camazariegos:	Elimino el usuario 'urla'
18/06/2021 11:55	camazariegos:	Inicio Secion
18/06/2021 11:59	camazariegos:	Inicio Secion
19/06/2021 00:00	camazariegos:	Elimino el usuario 'dnavas'
19/06/2021 00:00	camazariegos:	Elimino el usuario 'urla'
19/06/2021 00:00	camazariegos:	Elimino el usuario 'dmendez'
19/06/2021 00:00	camazariegos:	Elimino el usuario 'alexizzarevalo'
19/06/2021 00:01	camazariegos:	Elimino el producto con el Id: '1'
19/06/2021 00:01	camazariegos:	No se encontro el Producto con el Id: 1
19/06/2021 00:01	camazariegos:	Elimino el cliente con el Id: '5'
19/06/2021 00:02	camazariegos:	Elimino La factura con el Id: '1'
19/06/2021 00:03	camazariegos:	Inicio Secion
19/06/2021 00:05	camazariegos:	Inicio Secion
19/06/2021 00:05	camazariegos:	Cerro Secion
19/06/2021 00:27	camazariegos:	Inicio Secion
19/06/2021 00:32	camazariegos:	Inicio Secion
19/06/2021 00:33	camazariegos:	Inicio Secion
19/06/2021 00:35	camazariegos:	Inicio Secion
19/06/2021 00:38	camazariegos:	Inicio Secion
